<?xml version="1.0" encoding="UTF-8"?>
<!-- Generated by org.testng.reporters.JUnitXMLReporter -->
<testsuite ignored="0" hostname="santosh" failures="0" tests="12" name="Default test" time="31.6" errors="0" timestamp="2023-10-05T20:24:58 IST">
  <testcase classname="api.testcases.UserTestDD" name="testCreateUser" time="5.103"/>
  <testcase classname="api.testcases.UserTestDD" name="testCreateUser" time="2.529"/>
  <testcase classname="api.testcases.UserTestDD" name="testCreateUser" time="2.247"/>
  <testcase classname="api.testcases.UserTestDD" name="testCreateUser" time="2.756"/>
  <testcase classname="api.testcases.UserTestDD" name="testGetUserData" time="1.891"/>
  <testcase classname="api.testcases.UserTestDD" name="testGetUserData" time="2.044"/>
  <testcase classname="api.testcases.UserTestDD" name="testGetUserData" time="1.839"/>
  <testcase classname="api.testcases.UserTestDD" name="testGetUserData" time="1.837"/>
  <testcase classname="api.testcases.UserTestDD" name="testDeleteUser" time="1.795"/>
  <testcase classname="api.testcases.UserTestDD" name="testDeleteUser" time="1.944"/>
  <testcase classname="api.testcases.UserTestDD" name="testDeleteUser" time="2.251"/>
  <testcase classname="api.testcases.UserTestDD" name="testDeleteUser" time="1.738"/>
</testsuite> <!-- Default test -->
