<?xml version="1.0" encoding="UTF-8"?>
<!-- Generated by org.testng.reporters.JUnitXMLReporter -->
<testsuite ignored="0" hostname="santosh" failures="0" tests="4" name="Test" time="12.479" errors="0" timestamp="2023-10-09T20:55:28 IST">
  <testcase classname="api.testcases.UserTest" name="testCreateUser" time="4.566"/>
  <testcase classname="api.testcases.UserTest" name="testGetUserData" time="1.975"/>
  <testcase classname="api.testcases.UserTest" name="testUpdateUser" time="3.063"/>
  <testcase classname="api.testcases.UserTest" name="testDeleteUser" time="1.486"/>
</testsuite> <!-- Test -->
